[0219/143306.410:INFO:CONSOLE(7)] "Another connection wants to delete database 'wawc'. Closing db now to resume the delete request.", source: https://web.whatsapp.com/vendor1~app.0c8e960e5dfd7020f562.js (7)
[0219/143306.823:INFO:CONSOLE(1)] "Uncaught (in promise) TypeError: Failed to execute 'put' on 'Cache': Partial response (status code 206) is unsupported", source: https://web.whatsapp.com/serviceworker.js (1)
[0219/143318.566:ERROR:cache_util_win.cc(20)] Unable to move the cache: Access is denied. (0x5)
[0219/143318.566:ERROR:cache_util.cc(146)] Unable to move cache folder C:\Users\Luis Martinez\Desktop\dev\wedding-invitation-server\.wwebjs_auth\session\Default\GPUCache to C:\Users\Luis Martinez\Desktop\dev\wedding-invitation-server\.wwebjs_auth\session\Default\old_GPUCache_000
[0219/143318.566:ERROR:disk_cache.cc(192)] Unable to create cache
[0219/143318.566:ERROR:shader_disk_cache.cc(612)] Shader Cache Creation failed: -2
[0219/143320.586:ERROR:cache_util_win.cc(20)] Unable to move the cache: Access is denied. (0x5)
[0219/143320.586:ERROR:cache_util.cc(146)] Unable to move cache folder C:\Users\Luis Martinez\Desktop\dev\wedding-invitation-server\.wwebjs_auth\session\Default\Cache\Cache_Data to C:\Users\Luis Martinez\Desktop\dev\wedding-invitation-server\.wwebjs_auth\session\Default\Cache\old_Cache_Data_000
[0219/143320.586:ERROR:disk_cache.cc(192)] Unable to create cache
[0219/143321.594:ERROR:service_worker_storage.cc(1904)] Failed to delete the database: Database IO error
[0219/143325.681:INFO:CONSOLE(1)] "Uncaught (in promise) TypeError: Failed to execute 'put' on 'Cache': Partial response (status code 206) is unsupported", source: https://web.whatsapp.com/serviceworker.js (1)
[0219/143325.697:INFO:CONSOLE(1)] "Uncaught (in promise) TypeError: Failed to execute 'put' on 'Cache': Partial response (status code 206) is unsupported", source: https://web.whatsapp.com/serviceworker.js (1)
[0219/143326.959:ERROR:leveldb_factory.cc(88)] Failed to open LevelDB database from C:\Users\Luis Martinez\Desktop\dev\wedding-invitation-server\.wwebjs_auth\session\Default\IndexedDB\https_web.whatsapp.com_0.indexeddb.leveldb,IO error: C:\Users\Luis Martinez\Desktop\dev\wedding-invitation-server\.wwebjs_auth\session\Default\IndexedDB\https_web.whatsapp.com_0.indexeddb.leveldb/LOCK: File currently in use. (ChromeMethodBFE: 15::LockFile::2)
[0219/143328.978:ERROR:leveldb_factory.cc(88)] Failed to open LevelDB database from C:\Users\Luis Martinez\Desktop\dev\wedding-invitation-server\.wwebjs_auth\session\Default\IndexedDB\https_web.whatsapp.com_0.indexeddb.leveldb,IO error: C:\Users\Luis Martinez\Desktop\dev\wedding-invitation-server\.wwebjs_auth\session\Default\IndexedDB\https_web.whatsapp.com_0.indexeddb.leveldb/LOCK: File currently in use. (ChromeMethodBFE: 15::LockFile::2)
[0219/143331.004:ERROR:leveldb_factory.cc(88)] Failed to open LevelDB database from C:\Users\Luis Martinez\Desktop\dev\wedding-invitation-server\.wwebjs_auth\session\Default\IndexedDB\https_web.whatsapp.com_0.indexeddb.leveldb,IO error: C:\Users\Luis Martinez\Desktop\dev\wedding-invitation-server\.wwebjs_auth\session\Default\IndexedDB\https_web.whatsapp.com_0.indexeddb.leveldb/LOCK: File currently in use. (ChromeMethodBFE: 15::LockFile::2)
[0219/143333.022:ERROR:leveldb_factory.cc(88)] Failed to open LevelDB database from C:\Users\Luis Martinez\Desktop\dev\wedding-invitation-server\.wwebjs_auth\session\Default\IndexedDB\https_web.whatsapp.com_0.indexeddb.leveldb,IO error: C:\Users\Luis Martinez\Desktop\dev\wedding-invitation-server\.wwebjs_auth\session\Default\IndexedDB\https_web.whatsapp.com_0.indexeddb.leveldb/LOCK: File currently in use. (ChromeMethodBFE: 15::LockFile::2)
[0219/143335.053:ERROR:leveldb_factory.cc(88)] Failed to open LevelDB database from C:\Users\Luis Martinez\Desktop\dev\wedding-invitation-server\.wwebjs_auth\session\Default\IndexedDB\https_web.whatsapp.com_0.indexeddb.leveldb,IO error: C:\Users\Luis Martinez\Desktop\dev\wedding-invitation-server\.wwebjs_auth\session\Default\IndexedDB\https_web.whatsapp.com_0.indexeddb.leveldb/LOCK: File currently in use. (ChromeMethodBFE: 15::LockFile::2)
[0219/143337.081:ERROR:leveldb_factory.cc(88)] Failed to open LevelDB database from C:\Users\Luis Martinez\Desktop\dev\wedding-invitation-server\.wwebjs_auth\session\Default\IndexedDB\https_web.whatsapp.com_0.indexeddb.leveldb,IO error: C:\Users\Luis Martinez\Desktop\dev\wedding-invitation-server\.wwebjs_auth\session\Default\IndexedDB\https_web.whatsapp.com_0.indexeddb.leveldb/LOCK: File currently in use. (ChromeMethodBFE: 15::LockFile::2)
[0219/143339.107:ERROR:leveldb_factory.cc(88)] Failed to open LevelDB database from C:\Users\Luis Martinez\Desktop\dev\wedding-invitation-server\.wwebjs_auth\session\Default\IndexedDB\https_web.whatsapp.com_0.indexeddb.leveldb,IO error: C:\Users\Luis Martinez\Desktop\dev\wedding-invitation-server\.wwebjs_auth\session\Default\IndexedDB\https_web.whatsapp.com_0.indexeddb.leveldb/LOCK: File currently in use. (ChromeMethodBFE: 15::LockFile::2)
[0219/143341.123:ERROR:leveldb_factory.cc(88)] Failed to open LevelDB database from C:\Users\Luis Martinez\Desktop\dev\wedding-invitation-server\.wwebjs_auth\session\Default\IndexedDB\https_web.whatsapp.com_0.indexeddb.leveldb,IO error: C:\Users\Luis Martinez\Desktop\dev\wedding-invitation-server\.wwebjs_auth\session\Default\IndexedDB\https_web.whatsapp.com_0.indexeddb.leveldb/LOCK: File currently in use. (ChromeMethodBFE: 15::LockFile::2)
[0219/143343.146:ERROR:leveldb_factory.cc(88)] Failed to open LevelDB database from C:\Users\Luis Martinez\Desktop\dev\wedding-invitation-server\.wwebjs_auth\session\Default\IndexedDB\https_web.whatsapp.com_0.indexeddb.leveldb,IO error: C:\Users\Luis Martinez\Desktop\dev\wedding-invitation-server\.wwebjs_auth\session\Default\IndexedDB\https_web.whatsapp.com_0.indexeddb.leveldb/LOCK: File currently in use. (ChromeMethodBFE: 15::LockFile::2)
[0219/143344.410:ERROR:cache_util_win.cc(20)] Unable to move the cache: Access is denied. (0x5)
[0219/143344.410:ERROR:cache_util.cc(146)] Unable to move cache folder C:\Users\Luis Martinez\Desktop\dev\wedding-invitation-server\.wwebjs_auth\session\Default\GPUCache to C:\Users\Luis Martinez\Desktop\dev\wedding-invitation-server\.wwebjs_auth\session\Default\old_GPUCache_000
[0219/143344.410:ERROR:disk_cache.cc(192)] Unable to create cache
[0219/143344.410:ERROR:shader_disk_cache.cc(612)] Shader Cache Creation failed: -2
[0219/143345.159:ERROR:leveldb_factory.cc(88)] Failed to open LevelDB database from C:\Users\Luis Martinez\Desktop\dev\wedding-invitation-server\.wwebjs_auth\session\Default\IndexedDB\https_web.whatsapp.com_0.indexeddb.leveldb,IO error: C:\Users\Luis Martinez\Desktop\dev\wedding-invitation-server\.wwebjs_auth\session\Default\IndexedDB\https_web.whatsapp.com_0.indexeddb.leveldb/LOCK: File currently in use. (ChromeMethodBFE: 15::LockFile::2)
[0219/143346.508:ERROR:sandbox_origin_database.cc(190)] SandboxOriginDatabase failed at: Init@storage/browser/file_system/sandbox_origin_database.cc:94 with error: IO error: C:\Users\Luis Martinez\Desktop\dev\wedding-invitation-server\.wwebjs_auth\session\Default\File System\Origins/LOCK: File currently in use. (ChromeMethodBFE: 15::LockFile::2)
[0219/143346.508:WARNING:sandbox_origin_database.cc(106)] Attempting to repair SandboxOriginDatabase.
[0219/143347.178:ERROR:leveldb_factory.cc(88)] Failed to open LevelDB database from C:\Users\Luis Martinez\Desktop\dev\wedding-invitation-server\.wwebjs_auth\session\Default\IndexedDB\https_web.whatsapp.com_0.indexeddb.leveldb,IO error: C:\Users\Luis Martinez\Desktop\dev\wedding-invitation-server\.wwebjs_auth\session\Default\IndexedDB\https_web.whatsapp.com_0.indexeddb.leveldb/LOCK: File currently in use. (ChromeMethodBFE: 15::LockFile::2)
[0219/143349.205:ERROR:leveldb_factory.cc(88)] Failed to open LevelDB database from C:\Users\Luis Martinez\Desktop\dev\wedding-invitation-server\.wwebjs_auth\session\Default\IndexedDB\https_web.whatsapp.com_0.indexeddb.leveldb,IO error: C:\Users\Luis Martinez\Desktop\dev\wedding-invitation-server\.wwebjs_auth\session\Default\IndexedDB\https_web.whatsapp.com_0.indexeddb.leveldb/LOCK: File currently in use. (ChromeMethodBFE: 15::LockFile::2)
[0219/143350.546:WARNING:sandbox_origin_database.cc(140)] Failed to repair SandboxOriginDatabase.
[0219/143351.235:ERROR:leveldb_factory.cc(88)] Failed to open LevelDB database from C:\Users\Luis Martinez\Desktop\dev\wedding-invitation-server\.wwebjs_auth\session\Default\IndexedDB\https_web.whatsapp.com_0.indexeddb.leveldb,IO error: C:\Users\Luis Martinez\Desktop\dev\wedding-invitation-server\.wwebjs_auth\session\Default\IndexedDB\https_web.whatsapp.com_0.indexeddb.leveldb/LOCK: File currently in use. (ChromeMethodBFE: 15::LockFile::2)
[0219/143352.577:ERROR:sandbox_origin_database.cc(190)] SandboxOriginDatabase failed at: Init@storage/browser/file_system/sandbox_origin_database.cc:94 with error: IO error: C:\Users\Luis Martinez\Desktop\dev\wedding-invitation-server\.wwebjs_auth\session\Default\File System\Origins/LOCK: File currently in use. (ChromeMethodBFE: 15::LockFile::2)
[0219/143352.577:WARNING:sandbox_origin_database.cc(106)] Attempting to repair SandboxOriginDatabase.
[0219/143353.250:ERROR:leveldb_factory.cc(88)] Failed to open LevelDB database from C:\Users\Luis Martinez\Desktop\dev\wedding-invitation-server\.wwebjs_auth\session\Default\IndexedDB\https_web.whatsapp.com_0.indexeddb.leveldb,IO error: C:\Users\Luis Martinez\Desktop\dev\wedding-invitation-server\.wwebjs_auth\session\Default\IndexedDB\https_web.whatsapp.com_0.indexeddb.leveldb/LOCK: File currently in use. (ChromeMethodBFE: 15::LockFile::2)
[0219/143355.278:ERROR:leveldb_factory.cc(88)] Failed to open LevelDB database from C:\Users\Luis Martinez\Desktop\dev\wedding-invitation-server\.wwebjs_auth\session\Default\IndexedDB\https_web.whatsapp.com_0.indexeddb.leveldb,IO error: C:\Users\Luis Martinez\Desktop\dev\wedding-invitation-server\.wwebjs_auth\session\Default\IndexedDB\https_web.whatsapp.com_0.indexeddb.leveldb/LOCK: File currently in use. (ChromeMethodBFE: 15::LockFile::2)
[0219/143356.635:WARNING:sandbox_origin_database.cc(140)] Failed to repair SandboxOriginDatabase.
[0219/143357.302:ERROR:leveldb_factory.cc(88)] Failed to open LevelDB database from C:\Users\Luis Martinez\Desktop\dev\wedding-invitation-server\.wwebjs_auth\session\Default\IndexedDB\https_web.whatsapp.com_0.indexeddb.leveldb,IO error: C:\Users\Luis Martinez\Desktop\dev\wedding-invitation-server\.wwebjs_auth\session\Default\IndexedDB\https_web.whatsapp.com_0.indexeddb.leveldb/LOCK: File currently in use. (ChromeMethodBFE: 15::LockFile::2)
[0219/143358.656:ERROR:sandbox_origin_database.cc(190)] SandboxOriginDatabase failed at: Init@storage/browser/file_system/sandbox_origin_database.cc:94 with error: IO error: C:\Users\Luis Martinez\Desktop\dev\wedding-invitation-server\.wwebjs_auth\session\Default\File System\Origins/LOCK: File currently in use. (ChromeMethodBFE: 15::LockFile::2)
[0219/143358.656:WARNING:sandbox_origin_database.cc(106)] Attempting to repair SandboxOriginDatabase.
[0219/143359.329:ERROR:leveldb_factory.cc(88)] Failed to open LevelDB database from C:\Users\Luis Martinez\Desktop\dev\wedding-invitation-server\.wwebjs_auth\session\Default\IndexedDB\https_web.whatsapp.com_0.indexeddb.leveldb,IO error: C:\Users\Luis Martinez\Desktop\dev\wedding-invitation-server\.wwebjs_auth\session\Default\IndexedDB\https_web.whatsapp.com_0.indexeddb.leveldb/LOCK: File currently in use. (ChromeMethodBFE: 15::LockFile::2)
[0219/143401.350:ERROR:leveldb_factory.cc(88)] Failed to open LevelDB database from C:\Users\Luis Martinez\Desktop\dev\wedding-invitation-server\.wwebjs_auth\session\Default\IndexedDB\https_web.whatsapp.com_0.indexeddb.leveldb,IO error: C:\Users\Luis Martinez\Desktop\dev\wedding-invitation-server\.wwebjs_auth\session\Default\IndexedDB\https_web.whatsapp.com_0.indexeddb.leveldb/LOCK: File currently in use. (ChromeMethodBFE: 15::LockFile::2)
[0219/143402.707:WARNING:sandbox_origin_database.cc(140)] Failed to repair SandboxOriginDatabase.
[0219/143403.376:ERROR:leveldb_factory.cc(88)] Failed to open LevelDB database from C:\Users\Luis Martinez\Desktop\dev\wedding-invitation-server\.wwebjs_auth\session\Default\IndexedDB\https_web.whatsapp.com_0.indexeddb.leveldb,IO error: C:\Users\Luis Martinez\Desktop\dev\wedding-invitation-server\.wwebjs_auth\session\Default\IndexedDB\https_web.whatsapp.com_0.indexeddb.leveldb/LOCK: File currently in use. (ChromeMethodBFE: 15::LockFile::2)
[0219/143405.401:ERROR:leveldb_factory.cc(88)] Failed to open LevelDB database from C:\Users\Luis Martinez\Desktop\dev\wedding-invitation-server\.wwebjs_auth\session\Default\IndexedDB\https_web.whatsapp.com_0.indexeddb.leveldb,IO error: C:\Users\Luis Martinez\Desktop\dev\wedding-invitation-server\.wwebjs_auth\session\Default\IndexedDB\https_web.whatsapp.com_0.indexeddb.leveldb/LOCK: File currently in use. (ChromeMethodBFE: 15::LockFile::2)
[0219/143407.230:ERROR:cache_util_win.cc(20)] Unable to move the cache: Access is denied. (0x5)
[0219/143407.230:ERROR:cache_util.cc(146)] Unable to move cache folder C:\Users\Luis Martinez\Desktop\dev\wedding-invitation-server\.wwebjs_auth\session\Default\GPUCache to C:\Users\Luis Martinez\Desktop\dev\wedding-invitation-server\.wwebjs_auth\session\Default\old_GPUCache_000
[0219/143407.230:ERROR:disk_cache.cc(192)] Unable to create cache
[0219/143407.230:ERROR:shader_disk_cache.cc(612)] Shader Cache Creation failed: -2
[0219/143407.429:ERROR:leveldb_factory.cc(88)] Failed to open LevelDB database from C:\Users\Luis Martinez\Desktop\dev\wedding-invitation-server\.wwebjs_auth\session\Default\IndexedDB\https_web.whatsapp.com_0.indexeddb.leveldb,IO error: C:\Users\Luis Martinez\Desktop\dev\wedding-invitation-server\.wwebjs_auth\session\Default\IndexedDB\https_web.whatsapp.com_0.indexeddb.leveldb/LOCK: File currently in use. (ChromeMethodBFE: 15::LockFile::2)
[0219/143409.256:ERROR:cache_util_win.cc(20)] Unable to move the cache: Access is denied. (0x5)
[0219/143409.256:ERROR:cache_util.cc(146)] Unable to move cache folder C:\Users\Luis Martinez\Desktop\dev\wedding-invitation-server\.wwebjs_auth\session\Default\Cache\Cache_Data to C:\Users\Luis Martinez\Desktop\dev\wedding-invitation-server\.wwebjs_auth\session\Default\Cache\old_Cache_Data_000
[0219/143409.256:ERROR:disk_cache.cc(192)] Unable to create cache
[0219/143409.452:ERROR:leveldb_factory.cc(88)] Failed to open LevelDB database from C:\Users\Luis Martinez\Desktop\dev\wedding-invitation-server\.wwebjs_auth\session\Default\IndexedDB\https_web.whatsapp.com_0.indexeddb.leveldb,IO error: C:\Users\Luis Martinez\Desktop\dev\wedding-invitation-server\.wwebjs_auth\session\Default\IndexedDB\https_web.whatsapp.com_0.indexeddb.leveldb/LOCK: File currently in use. (ChromeMethodBFE: 15::LockFile::2)
[0219/143410.265:ERROR:service_worker_storage.cc(1904)] Failed to delete the database: Database IO error
[0219/143411.485:ERROR:leveldb_factory.cc(88)] Failed to open LevelDB database from C:\Users\Luis Martinez\Desktop\dev\wedding-invitation-server\.wwebjs_auth\session\Default\IndexedDB\https_web.whatsapp.com_0.indexeddb.leveldb,IO error: C:\Users\Luis Martinez\Desktop\dev\wedding-invitation-server\.wwebjs_auth\session\Default\IndexedDB\https_web.whatsapp.com_0.indexeddb.leveldb/LOCK: File currently in use. (ChromeMethodBFE: 15::LockFile::2)
[0219/143413.503:ERROR:leveldb_factory.cc(88)] Failed to open LevelDB database from C:\Users\Luis Martinez\Desktop\dev\wedding-invitation-server\.wwebjs_auth\session\Default\IndexedDB\https_web.whatsapp.com_0.indexeddb.leveldb,IO error: C:\Users\Luis Martinez\Desktop\dev\wedding-invitation-server\.wwebjs_auth\session\Default\IndexedDB\https_web.whatsapp.com_0.indexeddb.leveldb/LOCK: File currently in use. (ChromeMethodBFE: 15::LockFile::2)
[0219/143415.521:ERROR:leveldb_factory.cc(88)] Failed to open LevelDB database from C:\Users\Luis Martinez\Desktop\dev\wedding-invitation-server\.wwebjs_auth\session\Default\IndexedDB\https_web.whatsapp.com_0.indexeddb.leveldb,IO error: C:\Users\Luis Martinez\Desktop\dev\wedding-invitation-server\.wwebjs_auth\session\Default\IndexedDB\https_web.whatsapp.com_0.indexeddb.leveldb/LOCK: File currently in use. (ChromeMethodBFE: 15::LockFile::2)
[0219/143416.386:ERROR:quota_database.cc(823)] Could not open the quota database, resetting.
[0219/143417.538:ERROR:leveldb_factory.cc(88)] Failed to open LevelDB database from C:\Users\Luis Martinez\Desktop\dev\wedding-invitation-server\.wwebjs_auth\session\Default\IndexedDB\https_web.whatsapp.com_0.indexeddb.leveldb,IO error: C:\Users\Luis Martinez\Desktop\dev\wedding-invitation-server\.wwebjs_auth\session\Default\IndexedDB\https_web.whatsapp.com_0.indexeddb.leveldb/LOCK: File currently in use. (ChromeMethodBFE: 15::LockFile::2)
[0219/143419.286:ERROR:quota_database.cc(825)] Failed to reset the quota database.
[0219/143419.570:ERROR:leveldb_factory.cc(88)] Failed to open LevelDB database from C:\Users\Luis Martinez\Desktop\dev\wedding-invitation-server\.wwebjs_auth\session\Default\IndexedDB\https_web.whatsapp.com_0.indexeddb.leveldb,IO error: C:\Users\Luis Martinez\Desktop\dev\wedding-invitation-server\.wwebjs_auth\session\Default\IndexedDB\https_web.whatsapp.com_0.indexeddb.leveldb/LOCK: File currently in use. (ChromeMethodBFE: 15::LockFile::2)
[0219/143421.313:ERROR:sandbox_origin_database.cc(190)] SandboxOriginDatabase failed at: Init@storage/browser/file_system/sandbox_origin_database.cc:94 with error: IO error: C:\Users\Luis Martinez\Desktop\dev\wedding-invitation-server\.wwebjs_auth\session\Default\File System\Origins/LOCK: File currently in use. (ChromeMethodBFE: 15::LockFile::2)
[0219/143421.313:WARNING:sandbox_origin_database.cc(106)] Attempting to repair SandboxOriginDatabase.
[0219/143421.591:ERROR:leveldb_factory.cc(88)] Failed to open LevelDB database from C:\Users\Luis Martinez\Desktop\dev\wedding-invitation-server\.wwebjs_auth\session\Default\IndexedDB\https_web.whatsapp.com_0.indexeddb.leveldb,IO error: C:\Users\Luis Martinez\Desktop\dev\wedding-invitation-server\.wwebjs_auth\session\Default\IndexedDB\https_web.whatsapp.com_0.indexeddb.leveldb/LOCK: File currently in use. (ChromeMethodBFE: 15::LockFile::2)
[0219/143423.616:ERROR:leveldb_factory.cc(88)] Failed to open LevelDB database from C:\Users\Luis Martinez\Desktop\dev\wedding-invitation-server\.wwebjs_auth\session\Default\IndexedDB\https_web.whatsapp.com_0.indexeddb.leveldb,IO error: C:\Users\Luis Martinez\Desktop\dev\wedding-invitation-server\.wwebjs_auth\session\Default\IndexedDB\https_web.whatsapp.com_0.indexeddb.leveldb/LOCK: File currently in use. (ChromeMethodBFE: 15::LockFile::2)
